<?xml version="1.0" encoding="UTF-8"?>
<!-- Generated by org.testng.reporters.JUnitXMLReporter -->
<testsuite ignored="3" hostname="IBM-PF3AFQC2" failures="0" tests="1" name="Default test(failed)" time="6.223" errors="0" timestamp="2022-11-05T11:49:54 ADT">
  <testcase classname="com.infi.VBank.TestScripts.Test_Script_001" name="validateusercredentials" time="0.15"/>
  <testcase classname="com.infi.VBank.TestScripts.Test_Script_001" name="validateLogin" time="0.0">
    <ignored/>
  </testcase> <!-- validateLogin -->
  <testcase classname="com.infi.VBank.TestScripts.Test_Script_001" name="validateusercredentialsDisplay" time="0.0">
    <ignored/>
  </testcase> <!-- validateusercredentialsDisplay -->
  <testcase classname="com.infi.VBank.TestScripts.Test_Script_001" name="validaeLoginDDF" time="0.0">
    <ignored/>
  </testcase> <!-- validaeLoginDDF -->
</testsuite> <!-- Default test(failed) -->
