<?xml version="1.0" encoding="UTF-8"?>
<!-- Generated by org.testng.reporters.JUnitXMLReporter -->
<testsuite ignored="6" hostname="IBM-PF3AFQC2" failures="0" tests="5" name="Default test" time="27.23" errors="0" timestamp="2022-11-06T21:24:59 AST">
  <testcase classname="com.infi.VBank.TestScripts.Test_Script_001" name="validateLoginDDF" time="4.181"/>
  <testcase classname="com.infi.VBank.TestScripts.Test_Script_001" name="validateLoginDDF" time="3.317"/>
  <testcase classname="com.infi.VBank.TestScripts.Test_Script_001" name="validateLoginDDF" time="3.288"/>
  <testcase classname="com.infi.VBank.TestScripts.Test_Script_001" name="validateLoginDDF" time="3.609"/>
  <testcase classname="com.infi.VBank.TestScripts.Test_Script_001" name="validateLoginDDF" time="3.485"/>
  <testcase classname="com.infi.VBank.TestScripts.Test_Script_001" name="validateLogout" time="0.0">
    <ignored/>
  </testcase> <!-- validateLogout -->
  <testcase classname="com.infi.VBank.TestScripts.Test_Script_001" name="validateLoginPanelSpellcheck" time="0.0">
    <ignored/>
  </testcase> <!-- validateLoginPanelSpellcheck -->
  <testcase classname="com.infi.VBank.TestScripts.Test_Script_001" name="validateLogin" time="0.0">
    <ignored/>
  </testcase> <!-- validateLogin -->
  <testcase classname="com.infi.VBank.TestScripts.Test_Script_001" name="validateLoginPanelDisplay" time="0.0">
    <ignored/>
  </testcase> <!-- validateLoginPanelDisplay -->
  <testcase classname="com.infi.VBank.TestScripts.Test_Script_001" name="validateusercredentials" time="0.0">
    <ignored/>
  </testcase> <!-- validateusercredentials -->
  <testcase classname="com.infi.VBank.TestScripts.Test_Script_001" name="validateusercredentialsDisplay" time="0.0">
    <ignored/>
  </testcase> <!-- validateusercredentialsDisplay -->
</testsuite> <!-- Default test -->
