<?xml version="1.0" encoding="UTF-8"?>
<testng-results ignored="3" total="4" passed="1" failed="0" skipped="0">
  <reporter-output>
  </reporter-output>
  <suite started-at="2022-11-03T23:21:14 ADT" name="Default suite" finished-at="2022-11-03T23:21:21 ADT" duration-ms="7472">
    <groups>
    </groups>
    <test started-at="2022-11-03T23:21:14 ADT" name="Default test" finished-at="2022-11-03T23:21:21 ADT" duration-ms="7472">
      <class name="com.infi.VBank.TestScripts.Test_Script_001">
        <test-method is-config="true" signature="setUp()[pri:0, instance:com.infi.VBank.TestScripts.Test_Script_001@515aebb0]" started-at="2022-11-03T23:21:14 ADT" name="setUp" finished-at="2022-11-03T23:21:20 ADT" duration-ms="6648" status="PASS">
          <reporter-output>
          </reporter-output>
        </test-method> <!-- setUp -->
        <test-method signature="validateusercredentials()[pri:1, instance:com.infi.VBank.TestScripts.Test_Script_001@515aebb0]" started-at="2022-11-03T23:21:20 ADT" name="validateusercredentials" finished-at="2022-11-03T23:21:21 ADT" duration-ms="620" status="PASS">
          <reporter-output>
          </reporter-output>
        </test-method> <!-- validateusercredentials -->
        <test-method is-config="true" signature="tearDown()[pri:0, instance:com.infi.VBank.TestScripts.Test_Script_001@515aebb0]" started-at="2022-11-03T23:21:21 ADT" name="tearDown" finished-at="2022-11-03T23:21:21 ADT" duration-ms="166" status="PASS">
          <reporter-output>
          </reporter-output>
        </test-method> <!-- tearDown -->
      </class> <!-- com.infi.VBank.TestScripts.Test_Script_001 -->
    </test> <!-- Default test -->
  </suite> <!-- Default suite -->
</testng-results>
